{"level":"error","message":"Invalid value for n1","service":"claculator-project"}
{"level":"error","message":"Error Arised: ${error.toString()}","service":"claculator-project"}
{"level":"error","message":"Invalid value for n1","service":"claculator-project"}
{"level":"error","message":"Error Arised: ${error.toString()}","service":"claculator-project"}
{"level":"error","message":"Invalid value for n1","service":"claculator-project"}
{"level":"error","message":"Error Arised: ${error.toString()}","service":"claculator-project"}
{"level":"error","message":"Invalid value for n1","service":"claculator-project"}
{"level":"error","message":"Error Arised: ${error.toString()}","service":"claculator-project"}
{"level":"error","message":"Invalid value for n1","service":"claculator-project"}
{"level":"error","message":"Error Arised: ${error.toString()}","service":"claculator-project"}
{"level":"error","message":"Invalid value for n1","service":"claculator-project"}
{"level":"error","message":"Error Arised: ${error.toString()}","service":"claculator-project"}
{"level":"error","message":"Invalid value for n1","service":"claculator-project"}
{"level":"error","message":"Error Arised: ${error.toString()}","service":"claculator-project"}
{"level":"error","message":"Invalid value for n1","service":"claculator-project"}
{"level":"error","message":"Error Arised: ${error.toString()}","service":"claculator-project"}
{"level":"error","message":"Invalid value for n1","service":"claculator-project"}
{"level":"error","message":"Error Arised: ${error.toString()}","service":"claculator-project"}
{"level":"error","message":"Invalid value for n1","service":"claculator-project"}
{"level":"error","message":"Error Arised: ${error.toString()}","service":"claculator-project"}
{"level":"error","message":"Invalid value for n1","service":"claculator-project"}
{"level":"error","message":"Error Arised: ${error.toString()}","service":"claculator-project"}
{"level":"error","message":"Error Arised: ${error.toString()}","service":"claculator-project"}
{"level":"error","message":"Error Arised: ${error.toString()}","service":"claculator-project"}
{"level":"error","message":"Error Arised: ${error.toString()}","service":"claculator-project"}
{"level":"error","message":"Error Arised: ${error.toString()}","service":"claculator-project"}
{"level":"error","message":"Error Arised: ${error.toString()}","service":"claculator-project"}
{"level":"error","message":"Error Arised: ${error.toString()}","service":"claculator-project"}
{"level":"error","message":"Error Arised: ${error.toString()}","service":"claculator-project"}
{"level":"error","message":"Error Arised: ${error.toString()}","service":"claculator-project"}
{"level":"error","message":"Invalid value for n1","service":"claculator-project"}
{"level":"error","message":"Error Arised: ${error.toString()}","service":"claculator-project"}
{"level":"error","message":"Invalid value for n2","service":"claculator-project"}
{"level":"error","message":"Error Arised: ${error.toString()}","service":"claculator-project"}
{"level":"error","message":"Invalid value for n2","service":"claculator-project"}
{"level":"error","message":"Error Arised: ${error.toString()}","service":"claculator-project"}
{"level":"error","message":"Invalid value for n2","service":"claculator-project"}
{"level":"error","message":"Error Arised: ${error.toString()}","service":"claculator-project"}
{"level":"error","message":"Invalid value for n2","service":"claculator-project"}
{"level":"error","message":"Error Arised: ${error.toString()}","service":"claculator-project"}
{"level":"error","message":"Invalid value for n1","service":"claculator-project"}
{"level":"error","message":"Error Arised: ${error.toString()}","service":"claculator-project"}
{"level":"error","message":"Invalid value for n2","service":"calculator-project"}
{"level":"error","message":"Error Arised:Error: Invalid value for n2","service":"calculator-project"}
{"level":"error","message":"Invalid value for n1","service":"calculator-project"}
{"level":"error","message":"Error Arised:Error: Invalid value for n1","service":"calculator-project"}
{"level":"error","message":"Invalid value for n1","service":"calculator-project"}
{"level":"error","message":"Error Arised:Error: Invalid value for n1","service":"calculator-project"}
{"level":"error","message":"Error Arised:ReferenceError: subtract is not defined","service":"calculator-project"}
{"level":"error","message":"Invalid value for n2","service":"calculator-project"}
{"level":"error","message":"Error Arised:Error: Invalid value for n2","service":"calculator-project"}
{"level":"error","message":"Invalid value for n1","service":"calculator-project"}
{"level":"error","message":"Error Arised:Error: Invalid value for n1","service":"calculator-project"}
